Compiled jquery.js  (1ms)  (pid 95832)
Compiled jquery_ujs.js  (0ms)  (pid 95832)
Compiled bootstrap.js  (0ms)  (pid 95832)
Compiled bootstrap.min.js  (0ms)  (pid 95832)
Compiled donate.js  (1791ms)  (pid 95832)
Compiled home.js  (2ms)  (pid 95832)
Compiled prayers.js  (0ms)  (pid 95832)
Compiled sessions.js  (0ms)  (pid 95832)
Compiled users.js  (0ms)  (pid 95832)
Compiled application.js  (3072ms)  (pid 95832)
Compiled bootstrap-responsive.css  (0ms)  (pid 95832)
Compiled bootstrap.css  (14ms)  (pid 95832)
Compiled donate.css  (93ms)  (pid 95832)
Compiled home.css  (1ms)  (pid 95832)
Compiled prayers.css  (0ms)  (pid 95832)
Compiled reset.css  (0ms)  (pid 95832)
Compiled scaffolds.css  (10ms)  (pid 95832)
Compiled sessions.css  (1ms)  (pid 95832)
Compiled style.css  (16ms)  (pid 95832)
Compiled users.css  (1ms)  (pid 95832)
Compiled application.css  (292ms)  (pid 95832)
